<html>
<head>
<title>TestNG:  Test2</title>
<link href="../testng.css" rel="stylesheet" type="text/css" />
<link href="../my-testng.css" rel="stylesheet" type="text/css" />

<style type="text/css">
.log { display: none;} 
.stack-trace { display: none;} 
</style>
<script type="text/javascript">
<!--
function flip(e) {
  current = e.style.display;
  if (current == 'block') {
    e.style.display = 'none';
    return 0;
  }
  else {
    e.style.display = 'block';
    return 1;
  }
}

function toggleBox(szDivId, elem, msg1, msg2)
{
  var res = -1;  if (document.getElementById) {
    res = flip(document.getElementById(szDivId));
  }
  else if (document.all) {
    // this is the way old msie versions work
    res = flip(document.all[szDivId]);
  }
  if(elem) {
    if(res == 0) elem.innerHTML = msg1; else elem.innerHTML = msg2;
  }

}

function toggleAllBoxes() {
  if (document.getElementsByTagName) {
    d = document.getElementsByTagName('div');
    for (i = 0; i < d.length; i++) {
      if (d[i].className == 'log') {
        flip(d[i]);
      }
    }
  }
}

// -->
</script>

</head>
<body>
<h2 align='center'>Test2</h2><table border='1' align="center">
<tr>
<td>Tests passed/Failed/Skipped:</td><td>0/0/11</td>
</tr><tr>
<td>Started on:</td><td>Tue Nov 11 12:43:33 EET 2014</td>
</tr>
<tr><td>Total time:</td><td>11 seconds (11223 ms)</td>
</tr><tr>
<td>Included groups:</td><td></td>
</tr><tr>
<td>Excluded groups:</td><td></td>
</tr>
</table><p/>
<small><i>(Hover the method name to see the test class name)</i></small><p/>
<table width='100%' border='1' class='invocation-failed'>
<tr><td colspan='4' align='center'><b>FAILED CONFIGURATIONS</b></td></tr>
<tr><td><b>Test method</b></td>
<td width="30%"><b>Exception</b></td>
<td width="10%"><b>Time (seconds)</b></td>
<td><b>Instance</b></td>
</tr>
<tr>
<td title='selenium.BookPageTest.login()'><b>login</b><br>Test class: selenium.BookPageTest</td>
<td><div><pre>org.openqa.selenium.TimeoutException: Timed out after 10 seconds waiting for presence of element located by: By.id: rememberMe
Build info: version: &apos;2.40.0&apos;, revision: &apos;4c5c0568b004f67810ee41c459549aa4b09c651e&apos;, time: &apos;2014-02-19 11:13:01&apos;
System info: host: &apos;JoMedias-Mac-mini.local&apos;, ip: &apos;192.168.1.110&apos;, os.name: &apos;Mac OS X&apos;, os.arch: &apos;x86_64&apos;, os.version: &apos;10.8.5&apos;, java.version: &apos;1.8.0&apos;
Driver info: driver.version: unknown
	at org.openqa.selenium.support.ui.FluentWait.timeoutException(FluentWait.java:259)
	at org.openqa.selenium.support.ui.FluentWait.until(FluentWait.java:228)
	at selenium.pages.LoginPage.ensurePageLoaded(LoginPage.java:51)
	at applogic1.UserHelper1.loginAs(UserHelper1.java:24)
	at selenium.BookPageTest.login(BookPageTest.java:15)
	at sun.reflect.NativeMethodAccessorImpl.invoke0(Native Method)
	at sun.reflect.NativeMethodAccessorImpl.invoke(NativeMethodAccessorImpl.java:62)
	at sun.reflect.DelegatingMethodAccessorImpl.invoke(DelegatingMethodAccessorImpl.java:43)
	at java.lang.reflect.Method.invoke(Method.java:483)
	at org.testng.internal.MethodInvocationHelper.invokeMethod(MethodInvocationHelper.java:84)
	at org.testng.internal.Invoker.invokeConfigurationMethod(Invoker.java:564)
	at org.testng.internal.Invoker.invokeConfigurations(Invoker.java:213)
	at org.testng.internal.Invoker.invokeConfigurations(Invoker.java:138)
	at org.testng.internal.TestMethodWorker.invokeBeforeClassMethods(TestMethodWorker.java:175)
	at org.testng.internal.TestMethodWorker.run(TestMethodWorker.java:107)
	at org.testng.TestRunner.privateRun(TestRunner.java:767)
	at org.testng.TestRunner.run(TestRunner.java:617)
	at org.testng.SuiteRunner.runTest(SuiteRunner.java:334)
	at org.testng.SuiteRunner.runSequentially(SuiteRunner.java:329)
	at org.testng.SuiteRunner.privateRun(SuiteRunner.java:291)
	at org.testng.SuiteRunner.run(SuiteRunner.java:240)
	at org.testng.SuiteRunnerWorker.runSuite(SuiteRunnerWorker.java:52)
	at org.testng.SuiteRunnerWorker.run(SuiteRunnerWorker.java:86)
	at org.testng.TestNG.runSuitesSequentially(TestNG.java:1224)
	at org.testng.TestNG.runSuitesLocally(TestNG.java:1149)
	at org.testng.TestNG.run(TestNG.java:1057)
	at org.testng.remote.RemoteTestNG.run(RemoteTestNG.java:111)
	at org.testng.remote.RemoteTestNG.initAndRun(RemoteTestNG.java:204)
	at org.testng.remote.RemoteTestNG.main(RemoteTestNG.java:175)
Caused by: org.openqa.selenium.NoSuchElementException: no such element
  (Session info: chrome=38.0.2125.111)
  (Driver info: chromedriver=2.10.267517,platform=Mac OS X 10.8.5 x86_64) (WARNING: The server did not provide any stacktrace information)
Command duration or timeout: 7 milliseconds
For documentation on this error, please visit: http://seleniumhq.org/exceptions/no_such_element.html
Build info: version: &apos;2.40.0&apos;, revision: &apos;4c5c0568b004f67810ee41c459549aa4b09c651e&apos;, time: &apos;2014-02-19 11:13:01&apos;
System info: host: &apos;JoMedias-Mac-mini.local&apos;, ip: &apos;192.168.1.110&apos;, os.name: &apos;Mac OS X&apos;, os.arch: &apos;x86_64&apos;, os.version: &apos;10.8.5&apos;, java.version: &apos;1.8.0&apos;
Driver info: org.openqa.selenium.chrome.ChromeDriver
Capabilities [{applicationCacheEnabled=false, rotatable=false, chrome={userDataDir=/var/folders/zc/crfvq94x0gqcjqx74sf0vrvh0000gn/T/.org.chromium.Chromium.LAMBvY}, takesHeapSnapshot=true, databaseEnabled=false, handlesAlerts=true, version=38.0.2125.111, platform=MAC, browserConnectionEnabled=false, nativeEvents=true, acceptSslCerts=true, locationContextEnabled=true, webStorageEnabled=true, browserName=chrome, takesScreenshot=true, javascriptEnabled=true, cssSelectorsEnabled=true}]
Session ID: 5c2a3123278aeca2f291dbbf77e9a63e
	at sun.reflect.GeneratedConstructorAccessor16.newInstance(Unknown Source)
	at sun.reflect.DelegatingConstructorAccessorImpl.newInstance(DelegatingConstructorAccessorImpl.java:45)
	at java.lang.reflect.Constructor.newInstance(Constructor.java:408)
	at org.openqa.selenium.remote.ErrorHandler.createThrowable(ErrorHandler.java:193)
	at org.openqa.selenium.remote.ErrorHandler.throwIfResponseFailed(ErrorHandler.java:145)
	at org.openqa.selenium.remote.RemoteWebDriver.execute(RemoteWebDriver.java:573)
	at org.openqa.selenium.remote.RemoteWebDriver.findElement(RemoteWebDriver.java:326)
	at org.openqa.selenium.remote.RemoteWebDriver.findElementById(RemoteWebDriver.java:367)
	at org.openqa.selenium.By$ById.findElement(By.java:214)
	at org.openqa.selenium.remote.RemoteWebDriver.findElement(RemoteWebDriver.java:318)
	at org.openqa.selenium.support.ui.ExpectedConditions.findElement(ExpectedConditions.java:730)
	at org.openqa.selenium.support.ui.ExpectedConditions.access$000(ExpectedConditions.java:39)
	at org.openqa.selenium.support.ui.ExpectedConditions$3.apply(ExpectedConditions.java:106)
	at org.openqa.selenium.support.ui.ExpectedConditions$3.apply(ExpectedConditions.java:103)
	at org.openqa.selenium.support.ui.FluentWait.until(FluentWait.java:208)
	... 27 more
</pre></div><a href='#' onClick='toggleBox("stack-trace1710265848", this, "Click to show all stack frames", "Click to hide stack frames")'>Click to show all stack frames</a>
<div class='stack-trace' id='stack-trace1710265848'><pre>org.openqa.selenium.TimeoutException: Timed out after 10 seconds waiting for presence of element located by: By.id: rememberMe
Build info: version: &apos;2.40.0&apos;, revision: &apos;4c5c0568b004f67810ee41c459549aa4b09c651e&apos;, time: &apos;2014-02-19 11:13:01&apos;
System info: host: &apos;JoMedias-Mac-mini.local&apos;, ip: &apos;192.168.1.110&apos;, os.name: &apos;Mac OS X&apos;, os.arch: &apos;x86_64&apos;, os.version: &apos;10.8.5&apos;, java.version: &apos;1.8.0&apos;
Driver info: driver.version: unknown
	at org.openqa.selenium.support.ui.FluentWait.timeoutException(FluentWait.java:259)
	at org.openqa.selenium.support.ui.FluentWait.until(FluentWait.java:228)
	at selenium.pages.LoginPage.ensurePageLoaded(LoginPage.java:51)
	at applogic1.UserHelper1.loginAs(UserHelper1.java:24)
	at selenium.BookPageTest.login(BookPageTest.java:15)
	at sun.reflect.NativeMethodAccessorImpl.invoke0(Native Method)
	at sun.reflect.NativeMethodAccessorImpl.invoke(NativeMethodAccessorImpl.java:62)
	at sun.reflect.DelegatingMethodAccessorImpl.invoke(DelegatingMethodAccessorImpl.java:43)
	at java.lang.reflect.Method.invoke(Method.java:483)
	at org.testng.internal.MethodInvocationHelper.invokeMethod(MethodInvocationHelper.java:84)
	at org.testng.internal.Invoker.invokeConfigurationMethod(Invoker.java:564)
	at org.testng.internal.Invoker.invokeConfigurations(Invoker.java:213)
	at org.testng.internal.Invoker.invokeConfigurations(Invoker.java:138)
	at org.testng.internal.TestMethodWorker.invokeBeforeClassMethods(TestMethodWorker.java:175)
	at org.testng.internal.TestMethodWorker.run(TestMethodWorker.java:107)
	at org.testng.TestRunner.privateRun(TestRunner.java:767)
	at org.testng.TestRunner.run(TestRunner.java:617)
	at org.testng.SuiteRunner.runTest(SuiteRunner.java:334)
	at org.testng.SuiteRunner.runSequentially(SuiteRunner.java:329)
	at org.testng.SuiteRunner.privateRun(SuiteRunner.java:291)
	at org.testng.SuiteRunner.run(SuiteRunner.java:240)
	at org.testng.SuiteRunnerWorker.runSuite(SuiteRunnerWorker.java:52)
	at org.testng.SuiteRunnerWorker.run(SuiteRunnerWorker.java:86)
	at org.testng.TestNG.runSuitesSequentially(TestNG.java:1224)
	at org.testng.TestNG.runSuitesLocally(TestNG.java:1149)
	at org.testng.TestNG.run(TestNG.java:1057)
	at org.testng.remote.RemoteTestNG.run(RemoteTestNG.java:111)
	at org.testng.remote.RemoteTestNG.initAndRun(RemoteTestNG.java:204)
	at org.testng.remote.RemoteTestNG.main(RemoteTestNG.java:175)
Caused by: org.openqa.selenium.NoSuchElementException: no such element
  (Session info: chrome=38.0.2125.111)
  (Driver info: chromedriver=2.10.267517,platform=Mac OS X 10.8.5 x86_64) (WARNING: The server did not provide any stacktrace information)
Command duration or timeout: 7 milliseconds
For documentation on this error, please visit: http://seleniumhq.org/exceptions/no_such_element.html
Build info: version: &apos;2.40.0&apos;, revision: &apos;4c5c0568b004f67810ee41c459549aa4b09c651e&apos;, time: &apos;2014-02-19 11:13:01&apos;
System info: host: &apos;JoMedias-Mac-mini.local&apos;, ip: &apos;192.168.1.110&apos;, os.name: &apos;Mac OS X&apos;, os.arch: &apos;x86_64&apos;, os.version: &apos;10.8.5&apos;, java.version: &apos;1.8.0&apos;
Driver info: org.openqa.selenium.chrome.ChromeDriver
Capabilities [{applicationCacheEnabled=false, rotatable=false, chrome={userDataDir=/var/folders/zc/crfvq94x0gqcjqx74sf0vrvh0000gn/T/.org.chromium.Chromium.LAMBvY}, takesHeapSnapshot=true, databaseEnabled=false, handlesAlerts=true, version=38.0.2125.111, platform=MAC, browserConnectionEnabled=false, nativeEvents=true, acceptSslCerts=true, locationContextEnabled=true, webStorageEnabled=true, browserName=chrome, takesScreenshot=true, javascriptEnabled=true, cssSelectorsEnabled=true}]
Session ID: 5c2a3123278aeca2f291dbbf77e9a63e
	at sun.reflect.GeneratedConstructorAccessor16.newInstance(Unknown Source)
	at sun.reflect.DelegatingConstructorAccessorImpl.newInstance(DelegatingConstructorAccessorImpl.java:45)
	at java.lang.reflect.Constructor.newInstance(Constructor.java:408)
	at org.openqa.selenium.remote.ErrorHandler.createThrowable(ErrorHandler.java:193)
	at org.openqa.selenium.remote.ErrorHandler.throwIfResponseFailed(ErrorHandler.java:145)
	at org.openqa.selenium.remote.RemoteWebDriver.execute(RemoteWebDriver.java:573)
	at org.openqa.selenium.remote.RemoteWebDriver.findElement(RemoteWebDriver.java:326)
	at org.openqa.selenium.remote.RemoteWebDriver.findElementById(RemoteWebDriver.java:367)
	at org.openqa.selenium.By$ById.findElement(By.java:214)
	at org.openqa.selenium.remote.RemoteWebDriver.findElement(RemoteWebDriver.java:318)
	at org.openqa.selenium.support.ui.ExpectedConditions.findElement(ExpectedConditions.java:730)
	at org.openqa.selenium.support.ui.ExpectedConditions.access$000(ExpectedConditions.java:39)
	at org.openqa.selenium.support.ui.ExpectedConditions$3.apply(ExpectedConditions.java:106)
	at org.openqa.selenium.support.ui.ExpectedConditions$3.apply(ExpectedConditions.java:103)
	at org.openqa.selenium.support.ui.FluentWait.until(FluentWait.java:208)
	... 27 more
</pre></div></td>
<td>0</td>
<td>selenium.BookPageTest@7a79be86</td></tr>
</table><p>
<table width='100%' border='1' class='invocation-skipped'>
<tr><td colspan='4' align='center'><b>SKIPPED CONFIGURATIONS</b></td></tr>
<tr><td><b>Test method</b></td>
<td width="30%"><b>Exception</b></td>
<td width="10%"><b>Time (seconds)</b></td>
<td><b>Instance</b></td>
</tr>
<tr>
<td title='selenium.BookPageTest.mayBeBookPageOpen()'><b>mayBeBookPageOpen</b><br>Test class: selenium.BookPageTest</td>
<td></td>
<td>0</td>
<td>selenium.BookPageTest@7a79be86</td></tr>
<tr>
<td title='selenium.BookPageTest.mayBeBookPageOpen()'><b>mayBeBookPageOpen</b><br>Test class: selenium.BookPageTest</td>
<td></td>
<td>0</td>
<td>selenium.BookPageTest@7a79be86</td></tr>
<tr>
<td title='selenium.BookPageTest.mayBeBookPageOpen()'><b>mayBeBookPageOpen</b><br>Test class: selenium.BookPageTest</td>
<td></td>
<td>0</td>
<td>selenium.BookPageTest@7a79be86</td></tr>
<tr>
<td title='selenium.BookPageTest.mayBeBookPageOpen()'><b>mayBeBookPageOpen</b><br>Test class: selenium.BookPageTest</td>
<td></td>
<td>0</td>
<td>selenium.BookPageTest@7a79be86</td></tr>
<tr>
<td title='selenium.BookPageTest.mayBeBookPageOpen()'><b>mayBeBookPageOpen</b><br>Test class: selenium.BookPageTest</td>
<td></td>
<td>0</td>
<td>selenium.BookPageTest@7a79be86</td></tr>
<tr>
<td title='selenium.BookPageTest.mayBeBookPageOpen()'><b>mayBeBookPageOpen</b><br>Test class: selenium.BookPageTest</td>
<td></td>
<td>0</td>
<td>selenium.BookPageTest@7a79be86</td></tr>
<tr>
<td title='selenium.BookPageTest.mayBeBookPageOpen()'><b>mayBeBookPageOpen</b><br>Test class: selenium.BookPageTest</td>
<td></td>
<td>0</td>
<td>selenium.BookPageTest@7a79be86</td></tr>
<tr>
<td title='selenium.BookPageTest.mayBeBookPageOpen()'><b>mayBeBookPageOpen</b><br>Test class: selenium.BookPageTest</td>
<td></td>
<td>0</td>
<td>selenium.BookPageTest@7a79be86</td></tr>
<tr>
<td title='selenium.BookPageTest.mayBeBookPageOpen()'><b>mayBeBookPageOpen</b><br>Test class: selenium.BookPageTest</td>
<td></td>
<td>0</td>
<td>selenium.BookPageTest@7a79be86</td></tr>
<tr>
<td title='selenium.BookPageTest.mayBeBookPageOpen()'><b>mayBeBookPageOpen</b><br>Test class: selenium.BookPageTest</td>
<td></td>
<td>0</td>
<td>selenium.BookPageTest@7a79be86</td></tr>
<tr>
<td title='selenium.BookPageTest.mayBeBookPageOpen()'><b>mayBeBookPageOpen</b><br>Test class: selenium.BookPageTest</td>
<td></td>
<td>0</td>
<td>selenium.BookPageTest@7a79be86</td></tr>
</table><p>
<table width='100%' border='1' class='invocation-skipped'>
<tr><td colspan='4' align='center'><b>SKIPPED TESTS</b></td></tr>
<tr><td><b>Test method</b></td>
<td width="30%"><b>Exception</b></td>
<td width="10%"><b>Time (seconds)</b></td>
<td><b>Instance</b></td>
</tr>
<tr>
<td title='selenium.BookPageTest.AddAnyBookToCollection()'><b>AddAnyBookToCollection</b><br>Test class: selenium.BookPageTest</td>
<td></td>
<td>0</td>
<td>selenium.BookPageTest@7a79be86</td></tr>
<tr>
<td title='selenium.BookPageTest.MoreInfoPageOpen()'><b>MoreInfoPageOpen</b><br>Test class: selenium.BookPageTest</td>
<td></td>
<td>0</td>
<td>selenium.BookPageTest@7a79be86</td></tr>
<tr>
<td title='selenium.BookPageTest.PlayAnyBookFromCollection()'><b>PlayAnyBookFromCollection</b><br>Test class: selenium.BookPageTest</td>
<td></td>
<td>0</td>
<td>selenium.BookPageTest@7a79be86</td></tr>
<tr>
<td title='selenium.BookPageTest.clickAddCollectionButtoninMoreInfoPage()'><b>clickAddCollectionButtoninMoreInfoPage</b><br>Test class: selenium.BookPageTest</td>
<td></td>
<td>0</td>
<td>selenium.BookPageTest@7a79be86</td></tr>
<tr>
<td title='selenium.BookPageTest.clickNeedHelp()'><b>clickNeedHelp</b><br>Test class: selenium.BookPageTest</td>
<td></td>
<td>0</td>
<td>selenium.BookPageTest@7a79be86</td></tr>
<tr>
<td title='selenium.BookPageTest.moreLikeAddPlusMenu()'><b>moreLikeAddPlusMenu</b><br>Test class: selenium.BookPageTest</td>
<td></td>
<td>0</td>
<td>selenium.BookPageTest@7a79be86</td></tr>
<tr>
<td title='selenium.BookPageTest.moreLikeMoreLikeInPlusButton()'><b>moreLikeMoreLikeInPlusButton</b><br>Test class: selenium.BookPageTest</td>
<td></td>
<td>0</td>
<td>selenium.BookPageTest@7a79be86</td></tr>
<tr>
<td title='selenium.BookPageTest.moreLikeReadBookOverImage()'><b>moreLikeReadBookOverImage</b><br>Test class: selenium.BookPageTest</td>
<td></td>
<td>0</td>
<td>selenium.BookPageTest@7a79be86</td></tr>
<tr>
<td title='selenium.BookPageTest.moreLikeReadBookPlusMenu()'><b>moreLikeReadBookPlusMenu</b><br>Test class: selenium.BookPageTest</td>
<td></td>
<td>0</td>
<td>selenium.BookPageTest@7a79be86</td></tr>
<tr>
<td title='selenium.BookPageTest.playAnyBookNowButtonPlusMenu()'><b>playAnyBookNowButtonPlusMenu</b><br>Test class: selenium.BookPageTest</td>
<td></td>
<td>0</td>
<td>selenium.BookPageTest@7a79be86</td></tr>
<tr>
<td title='selenium.BookPageTest.playAnyBookPlayButtonOverTheImage()'><b>playAnyBookPlayButtonOverTheImage</b><br>Test class: selenium.BookPageTest</td>
<td></td>
<td>0</td>
<td>selenium.BookPageTest@7a79be86</td></tr>
</table><p>
</body>
</html>