<?xml version="1.0" encoding="UTF-8"?>
<!-- Generated by org.testng.reporters.JUnitXMLReporter -->
<testsuite hostname="JoMedias-Mac-mini.local" name="Test2" tests="11" failures="0" timestamp="11 Nov 2014 10:43:44 GMT" time="11.223" errors="0">
  <testcase name="@BeforeClass login" time="0.0" classname="selenium.BookPageTest">
    <failure type="org.openqa.selenium.TimeoutException" message="Timed out after 10 seconds waiting for presence of element located by: By.id: rememberMe
Build info: version: &amp;apos;2.40.0&amp;apos;, revision: &amp;apos;4c5c0568b004f67810ee41c459549aa4b09c651e&amp;apos;, time: &amp;apos;2014-02-19 11:13:01&amp;apos;
System info: host: &amp;apos;JoMedias-Mac-mini.local&amp;apos;, ip: &amp;apos;192.168.1.110&amp;apos;, os.name: &amp;apos;Mac OS X&amp;apos;, os.arch: &amp;apos;x86_64&amp;apos;, os.version: &amp;apos;10.8.5&amp;apos;, java.version: &amp;apos;1.8.0&amp;apos;
Driver info: driver.version: unknown">
      <![CDATA[org.openqa.selenium.TimeoutException: Timed out after 10 seconds waiting for presence of element located by: By.id: rememberMe
Build info: version: '2.40.0', revision: '4c5c0568b004f67810ee41c459549aa4b09c651e', time: '2014-02-19 11:13:01'
System info: host: 'JoMedias-Mac-mini.local', ip: '192.168.1.110', os.name: 'Mac OS X', os.arch: 'x86_64', os.version: '10.8.5', java.version: '1.8.0'
Driver info: driver.version: unknown
	at org.openqa.selenium.support.ui.FluentWait.timeoutException(FluentWait.java:259)
	at org.openqa.selenium.support.ui.FluentWait.until(FluentWait.java:228)
	at selenium.pages.LoginPage.ensurePageLoaded(LoginPage.java:51)
	at applogic1.UserHelper1.loginAs(UserHelper1.java:24)
	at selenium.BookPageTest.login(BookPageTest.java:15)
	at sun.reflect.NativeMethodAccessorImpl.invoke0(Native Method)
	at sun.reflect.NativeMethodAccessorImpl.invoke(NativeMethodAccessorImpl.java:62)
	at sun.reflect.DelegatingMethodAccessorImpl.invoke(DelegatingMethodAccessorImpl.java:43)
	at java.lang.reflect.Method.invoke(Method.java:483)
	at org.testng.internal.MethodInvocationHelper.invokeMethod(MethodInvocationHelper.java:84)
	at org.testng.internal.Invoker.invokeConfigurationMethod(Invoker.java:564)
	at org.testng.internal.Invoker.invokeConfigurations(Invoker.java:213)
	at org.testng.internal.Invoker.invokeConfigurations(Invoker.java:138)
	at org.testng.internal.TestMethodWorker.invokeBeforeClassMethods(TestMethodWorker.java:175)
	at org.testng.internal.TestMethodWorker.run(TestMethodWorker.java:107)
	at org.testng.TestRunner.privateRun(TestRunner.java:767)
	at org.testng.TestRunner.run(TestRunner.java:617)
	at org.testng.SuiteRunner.runTest(SuiteRunner.java:334)
	at org.testng.SuiteRunner.runSequentially(SuiteRunner.java:329)
	at org.testng.SuiteRunner.privateRun(SuiteRunner.java:291)
	at org.testng.SuiteRunner.run(SuiteRunner.java:240)
	at org.testng.SuiteRunnerWorker.runSuite(SuiteRunnerWorker.java:52)
	at org.testng.SuiteRunnerWorker.run(SuiteRunnerWorker.java:86)
	at org.testng.TestNG.runSuitesSequentially(TestNG.java:1224)
	at org.testng.TestNG.runSuitesLocally(TestNG.java:1149)
	at org.testng.TestNG.run(TestNG.java:1057)
	at org.testng.remote.RemoteTestNG.run(RemoteTestNG.java:111)
	at org.testng.remote.RemoteTestNG.initAndRun(RemoteTestNG.java:204)
	at org.testng.remote.RemoteTestNG.main(RemoteTestNG.java:175)
Caused by: org.openqa.selenium.NoSuchElementException: no such element
  (Session info: chrome=38.0.2125.111)
  (Driver info: chromedriver=2.10.267517,platform=Mac OS X 10.8.5 x86_64) (WARNING: The server did not provide any stacktrace information)
Command duration or timeout: 7 milliseconds
For documentation on this error, please visit: http://seleniumhq.org/exceptions/no_such_element.html
Build info: version: '2.40.0', revision: '4c5c0568b004f67810ee41c459549aa4b09c651e', time: '2014-02-19 11:13:01'
System info: host: 'JoMedias-Mac-mini.local', ip: '192.168.1.110', os.name: 'Mac OS X', os.arch: 'x86_64', os.version: '10.8.5', java.version: '1.8.0'
Driver info: org.openqa.selenium.chrome.ChromeDriver
Capabilities [{applicationCacheEnabled=false, rotatable=false, chrome={userDataDir=/var/folders/zc/crfvq94x0gqcjqx74sf0vrvh0000gn/T/.org.chromium.Chromium.LAMBvY}, takesHeapSnapshot=true, databaseEnabled=false, handlesAlerts=true, version=38.0.2125.111, platform=MAC, browserConnectionEnabled=false, nativeEvents=true, acceptSslCerts=true, locationContextEnabled=true, webStorageEnabled=true, browserName=chrome, takesScreenshot=true, javascriptEnabled=true, cssSelectorsEnabled=true}]
Session ID: 5c2a3123278aeca2f291dbbf77e9a63e
	at sun.reflect.GeneratedConstructorAccessor16.newInstance(Unknown Source)
	at sun.reflect.DelegatingConstructorAccessorImpl.newInstance(DelegatingConstructorAccessorImpl.java:45)
	at java.lang.reflect.Constructor.newInstance(Constructor.java:408)
	at org.openqa.selenium.remote.ErrorHandler.createThrowable(ErrorHandler.java:193)
	at org.openqa.selenium.remote.ErrorHandler.throwIfResponseFailed(ErrorHandler.java:145)
	at org.openqa.selenium.remote.RemoteWebDriver.execute(RemoteWebDriver.java:573)
	at org.openqa.selenium.remote.RemoteWebDriver.findElement(RemoteWebDriver.java:326)
	at org.openqa.selenium.remote.RemoteWebDriver.findElementById(RemoteWebDriver.java:367)
	at org.openqa.selenium.By$ById.findElement(By.java:214)
	at org.openqa.selenium.remote.RemoteWebDriver.findElement(RemoteWebDriver.java:318)
	at org.openqa.selenium.support.ui.ExpectedConditions.findElement(ExpectedConditions.java:730)
	at org.openqa.selenium.support.ui.ExpectedConditions.access$000(ExpectedConditions.java:39)
	at org.openqa.selenium.support.ui.ExpectedConditions$3.apply(ExpectedConditions.java:106)
	at org.openqa.selenium.support.ui.ExpectedConditions$3.apply(ExpectedConditions.java:103)
	at org.openqa.selenium.support.ui.FluentWait.until(FluentWait.java:208)
	... 27 more
]]>
    </failure>
  </testcase> <!-- @BeforeClass login -->
  <testcase name="@BeforeMethod mayBeBookPageOpen" time="0.0" classname="selenium.BookPageTest">
    <skipped/>
  </testcase> <!-- @BeforeMethod mayBeBookPageOpen -->
  <testcase name="@BeforeMethod mayBeBookPageOpen" time="0.0" classname="selenium.BookPageTest">
    <skipped/>
  </testcase> <!-- @BeforeMethod mayBeBookPageOpen -->
  <testcase name="@BeforeMethod mayBeBookPageOpen" time="0.0" classname="selenium.BookPageTest">
    <skipped/>
  </testcase> <!-- @BeforeMethod mayBeBookPageOpen -->
  <testcase name="@BeforeMethod mayBeBookPageOpen" time="0.0" classname="selenium.BookPageTest">
    <skipped/>
  </testcase> <!-- @BeforeMethod mayBeBookPageOpen -->
  <testcase name="@BeforeMethod mayBeBookPageOpen" time="0.0" classname="selenium.BookPageTest">
    <skipped/>
  </testcase> <!-- @BeforeMethod mayBeBookPageOpen -->
  <testcase name="@BeforeMethod mayBeBookPageOpen" time="0.0" classname="selenium.BookPageTest">
    <skipped/>
  </testcase> <!-- @BeforeMethod mayBeBookPageOpen -->
  <testcase name="@BeforeMethod mayBeBookPageOpen" time="0.0" classname="selenium.BookPageTest">
    <skipped/>
  </testcase> <!-- @BeforeMethod mayBeBookPageOpen -->
  <testcase name="@BeforeMethod mayBeBookPageOpen" time="0.0" classname="selenium.BookPageTest">
    <skipped/>
  </testcase> <!-- @BeforeMethod mayBeBookPageOpen -->
  <testcase name="@BeforeMethod mayBeBookPageOpen" time="0.0" classname="selenium.BookPageTest">
    <skipped/>
  </testcase> <!-- @BeforeMethod mayBeBookPageOpen -->
  <testcase name="@BeforeMethod mayBeBookPageOpen" time="0.0" classname="selenium.BookPageTest">
    <skipped/>
  </testcase> <!-- @BeforeMethod mayBeBookPageOpen -->
  <testcase name="@BeforeMethod mayBeBookPageOpen" time="0.0" classname="selenium.BookPageTest">
    <skipped/>
  </testcase> <!-- @BeforeMethod mayBeBookPageOpen -->
  <testcase name="AddAnyBookToCollection" time="0.001" classname="selenium.BookPageTest">
    <skipped/>
  </testcase> <!-- AddAnyBookToCollection -->
  <testcase name="MoreInfoPageOpen" time="0.0" classname="selenium.BookPageTest">
    <skipped/>
  </testcase> <!-- MoreInfoPageOpen -->
  <testcase name="PlayAnyBookFromCollection" time="0.0" classname="selenium.BookPageTest">
    <skipped/>
  </testcase> <!-- PlayAnyBookFromCollection -->
  <testcase name="clickAddCollectionButtoninMoreInfoPage" time="0.0" classname="selenium.BookPageTest">
    <skipped/>
  </testcase> <!-- clickAddCollectionButtoninMoreInfoPage -->
  <testcase name="clickNeedHelp" time="0.0" classname="selenium.BookPageTest">
    <skipped/>
  </testcase> <!-- clickNeedHelp -->
  <testcase name="moreLikeAddPlusMenu" time="0.001" classname="selenium.BookPageTest">
    <skipped/>
  </testcase> <!-- moreLikeAddPlusMenu -->
  <testcase name="moreLikeMoreLikeInPlusButton" time="0.001" classname="selenium.BookPageTest">
    <skipped/>
  </testcase> <!-- moreLikeMoreLikeInPlusButton -->
  <testcase name="moreLikeReadBookOverImage" time="0.0" classname="selenium.BookPageTest">
    <skipped/>
  </testcase> <!-- moreLikeReadBookOverImage -->
  <testcase name="moreLikeReadBookPlusMenu" time="0.0" classname="selenium.BookPageTest">
    <skipped/>
  </testcase> <!-- moreLikeReadBookPlusMenu -->
  <testcase name="playAnyBookNowButtonPlusMenu" time="0.0" classname="selenium.BookPageTest">
    <skipped/>
  </testcase> <!-- playAnyBookNowButtonPlusMenu -->
  <testcase name="playAnyBookPlayButtonOverTheImage" time="0.0" classname="selenium.BookPageTest">
    <skipped/>
  </testcase> <!-- playAnyBookPlayButtonOverTheImage -->
</testsuite> <!-- Test2 -->
