<!DOCTYPE html PUBLIC "-//W3C//DTD XHTML 1.1//EN" "http://www.w3.org/TR/xhtml11/DTD/xhtml11.dtd">
<html xmlns="http://www.w3.org/1999/xhtml"><head><title>TestNG Report</title><style type="text/css">table {margin-bottom:10px;border-collapse:collapse;empty-cells:show}th,td {border:1px solid #009;padding:.25em .5em}th {vertical-align:bottom}td {vertical-align:top}table a {font-weight:bold}.stripe td {background-color: #E6EBF9}.num {text-align:right}.passedodd td {background-color: #3F3}.passedeven td {background-color: #0A0}.skippedodd td {background-color: #DDD}.skippedeven td {background-color: #CCC}.failedodd td,.attn {background-color: #F33}.failedeven td,.stripe .attn {background-color: #D00}.stacktrace {white-space:pre;font-family:monospace}.totop {font-size:85%;text-align:center;border-bottom:2px solid #000}</style></head><body><table><tr><th>Test</th><th># Passed</th><th># Skipped</th><th># Failed</th><th>Time (ms)</th><th>Included Groups</th><th>Excluded Groups</th></tr><tr><th colspan="7">Tests</th></tr><tr><td><a href="#t0">Test1</a></td><td class="num">11</td><td class="num">0</td><td class="num attn">2</td><td class="num">811,158</td><td></td><td></td></tr></table><table><thead><tr><th>Class</th><th>Method</th><th>Start</th><th>Time (ms)</th></tr></thead><tbody><tr><th colspan="4">Tests</th></tr></tbody><tbody id="t0"><tr><th colspan="4">Test1 &#8212; failed</th></tr><tr class="failedeven"><td rowspan="2">selenium.SearchTest</td><td><a href="#m0">MoreInfoMusicInSearchPage</a></td><td rowspan="1">1422551447362</td><td rowspan="1">10459</td></tr><tr class="failedeven"><td><a href="#m1">readAnyBookInSearch</a></td><td rowspan="1">1422552006363</td><td rowspan="1">10381</td></tr><tr><th colspan="4">Test1 &#8212; passed</th></tr><tr class="passedeven"><td rowspan="11">selenium.SearchTest</td><td><a href="#m2">AddToQueueMusicInSearchPage</a></td><td rowspan="1">1422551235935</td><td rowspan="1">10539</td></tr><tr class="passedeven"><td><a href="#m3">MoreInfoBookInSearchPage</a></td><td rowspan="1">1422551293105</td><td rowspan="1">86727</td></tr><tr class="passedeven"><td><a href="#m4">MoreInfoMovieInSearchPage</a></td><td rowspan="1">1422551392014</td><td rowspan="1">10476</td></tr><tr class="passedeven"><td><a href="#m5">ToColectionBookInSearchPage</a></td><td rowspan="1">1422551502987</td><td rowspan="1">62466</td></tr><tr class="passedeven"><td><a href="#m6">ToColectionMovieInSearchPage</a></td><td rowspan="1">1422551577836</td><td rowspan="1">10297</td></tr><tr class="passedeven"><td><a href="#m7">ToColectionMusicInSearchPage</a></td><td rowspan="1">1422551634034</td><td rowspan="1">61751</td></tr><tr class="passedeven"><td><a href="#m8">clickOverImageBook</a></td><td rowspan="1">1422551708017</td><td rowspan="1">10176</td></tr><tr class="passedeven"><td><a href="#m9">clickOverImageMovie</a></td><td rowspan="1">1422551764300</td><td rowspan="1">10158</td></tr><tr class="passedeven"><td><a href="#m10">clickOverImageMusic</a></td><td rowspan="1">1422551820182</td><td rowspan="1">10176</td></tr><tr class="passedeven"><td><a href="#m11">playAnyMoviesInSearch</a></td><td rowspan="1">1422551876158</td><td rowspan="1">61155</td></tr><tr class="passedeven"><td><a href="#m12">playAnyMusicInSearch</a></td><td rowspan="1">1422551949207</td><td rowspan="1">10497</td></tr></tbody></table><h2>Test1</h2><h3 id="m0">selenium.SearchTest#MoreInfoMusicInSearchPage</h3><table class="result"><tr><th>Exception</th></tr><tr><td><div class="stacktrace">org.openqa.selenium.NoSuchElementException: Timed out after 10 seconds. Unable to locate the element
For documentation on this error, please visit: http://seleniumhq.org/exceptions/no_such_element.html
Build info: version: &apos;2.40.0&apos;, revision: &apos;4c5c0568b004f67810ee41c459549aa4b09c651e&apos;, time: &apos;2014-02-19 11:13:01&apos;
System info: host: &apos;JoMedias-Mac-mini.local&apos;, ip: &apos;10.0.10.123&apos;, os.name: &apos;Mac OS X&apos;, os.arch: &apos;x86_64&apos;, os.version: &apos;10.10.1&apos;, java.version: &apos;1.8.0&apos;
Driver info: driver.version: unknown
	at org.openqa.selenium.support.pagefactory.AjaxElementLocator.findElement(AjaxElementLocator.java:72)
	at org.openqa.selenium.support.pagefactory.internal.LocatingElementHandler.invoke(LocatingElementHandler.java:34)
	at com.sun.proxy.$Proxy8.click(Unknown Source)
	at selenium.pages.SearchPage.MoreInfoMusicPlusMenuInSearchPage(SearchPage.java:153)
	at applogic1.SearchHelper1.MoreInfoMusicInSearchPage(SearchHelper1.java:77)
	at selenium.SearchTest.MoreInfoMusicInSearchPage(SearchTest.java:91)
	at sun.reflect.NativeMethodAccessorImpl.invoke0(Native Method)
	at sun.reflect.NativeMethodAccessorImpl.invoke(NativeMethodAccessorImpl.java:62)
	at sun.reflect.DelegatingMethodAccessorImpl.invoke(DelegatingMethodAccessorImpl.java:43)
	at java.lang.reflect.Method.invoke(Method.java:483)
	at org.testng.internal.MethodInvocationHelper.invokeMethod(MethodInvocationHelper.java:84)
	at org.testng.internal.Invoker.invokeMethod(Invoker.java:714)
	at org.testng.internal.Invoker.invokeTestMethod(Invoker.java:901)
	at org.testng.internal.Invoker.invokeTestMethods(Invoker.java:1231)
	at org.testng.internal.TestMethodWorker.invokeTestMethods(TestMethodWorker.java:127)
	at org.testng.internal.TestMethodWorker.run(TestMethodWorker.java:111)
	at org.testng.TestRunner.privateRun(TestRunner.java:767)
	at org.testng.TestRunner.run(TestRunner.java:617)
	at org.testng.SuiteRunner.runTest(SuiteRunner.java:334)
	at org.testng.SuiteRunner.runSequentially(SuiteRunner.java:329)
	at org.testng.SuiteRunner.privateRun(SuiteRunner.java:291)
	at org.testng.SuiteRunner.run(SuiteRunner.java:240)
	at org.testng.SuiteRunnerWorker.runSuite(SuiteRunnerWorker.java:52)
	at org.testng.SuiteRunnerWorker.run(SuiteRunnerWorker.java:86)
	at org.testng.TestNG.runSuitesSequentially(TestNG.java:1224)
	at org.testng.TestNG.runSuitesLocally(TestNG.java:1149)
	at org.testng.TestNG.run(TestNG.java:1057)
	at org.testng.remote.RemoteTestNG.run(RemoteTestNG.java:111)
	at org.testng.remote.RemoteTestNG.initAndRun(RemoteTestNG.java:204)
	at org.testng.remote.RemoteTestNG.main(RemoteTestNG.java:175)
Caused by: org.openqa.selenium.NoSuchElementException: no such element
  (Session info: chrome=40.0.2214.93)
  (Driver info: chromedriver=2.10.267517,platform=Mac OS X 10.10.1 x86_64) (WARNING: The server did not provide any stacktrace information)
Command duration or timeout: 6 milliseconds
For documentation on this error, please visit: http://seleniumhq.org/exceptions/no_such_element.html
Build info: version: &apos;2.40.0&apos;, revision: &apos;4c5c0568b004f67810ee41c459549aa4b09c651e&apos;, time: &apos;2014-02-19 11:13:01&apos;
System info: host: &apos;JoMedias-Mac-mini.local&apos;, ip: &apos;10.0.10.123&apos;, os.name: &apos;Mac OS X&apos;, os.arch: &apos;x86_64&apos;, os.version: &apos;10.10.1&apos;, java.version: &apos;1.8.0&apos;
Driver info: org.openqa.selenium.chrome.ChromeDriver
Capabilities [{applicationCacheEnabled=false, rotatable=false, chrome={userDataDir=/var/folders/zc/crfvq94x0gqcjqx74sf0vrvh0000gn/T/.org.chromium.Chromium.3P7pn6}, takesHeapSnapshot=true, databaseEnabled=false, handlesAlerts=true, version=40.0.2214.93, platform=MAC, browserConnectionEnabled=false, nativeEvents=true, acceptSslCerts=true, locationContextEnabled=true, webStorageEnabled=true, browserName=chrome, takesScreenshot=true, javascriptEnabled=true, cssSelectorsEnabled=true}]
Session ID: e6b22ce663339edfd37bc280359fa29a
	at sun.reflect.GeneratedConstructorAccessor14.newInstance(Unknown Source)
	at sun.reflect.DelegatingConstructorAccessorImpl.newInstance(DelegatingConstructorAccessorImpl.java:45)
	at java.lang.reflect.Constructor.newInstance(Constructor.java:408)
	at org.openqa.selenium.remote.ErrorHandler.createThrowable(ErrorHandler.java:193)
	at org.openqa.selenium.remote.ErrorHandler.throwIfResponseFailed(ErrorHandler.java:145)
	at org.openqa.selenium.remote.RemoteWebDriver.execute(RemoteWebDriver.java:573)
	at org.openqa.selenium.remote.RemoteWebDriver.findElement(RemoteWebDriver.java:326)
	at org.openqa.selenium.remote.RemoteWebDriver.findElementByXPath(RemoteWebDriver.java:423)
	at org.openqa.selenium.By$ByXPath.findElement(By.java:357)
	at org.openqa.selenium.remote.RemoteWebDriver.findElement(RemoteWebDriver.java:318)
	at org.openqa.selenium.support.pagefactory.DefaultElementLocator.findElement(DefaultElementLocator.java:59)
	at org.openqa.selenium.support.pagefactory.AjaxElementLocator.access$001(AjaxElementLocator.java:40)
	at org.openqa.selenium.support.pagefactory.AjaxElementLocator$SlowLoadingElement.isLoaded(AjaxElementLocator.java:140)
	at org.openqa.selenium.support.ui.SlowLoadableComponent.get(SlowLoadableComponent.java:69)
	at org.openqa.selenium.support.pagefactory.AjaxElementLocator.findElement(AjaxElementLocator.java:70)
	... 29 more
</div></td></tr></table><p class="totop"><a href="#summary">back to summary</a></p><h3 id="m1">selenium.SearchTest#readAnyBookInSearch</h3><table class="result"><tr><th>Exception</th></tr><tr><td><div class="stacktrace">org.openqa.selenium.NoSuchElementException: Timed out after 10 seconds. Unable to locate the element
For documentation on this error, please visit: http://seleniumhq.org/exceptions/no_such_element.html
Build info: version: &apos;2.40.0&apos;, revision: &apos;4c5c0568b004f67810ee41c459549aa4b09c651e&apos;, time: &apos;2014-02-19 11:13:01&apos;
System info: host: &apos;JoMedias-Mac-mini.local&apos;, ip: &apos;10.0.10.123&apos;, os.name: &apos;Mac OS X&apos;, os.arch: &apos;x86_64&apos;, os.version: &apos;10.10.1&apos;, java.version: &apos;1.8.0&apos;
Driver info: driver.version: unknown
	at org.openqa.selenium.support.pagefactory.AjaxElementLocator.findElement(AjaxElementLocator.java:72)
	at org.openqa.selenium.support.pagefactory.internal.LocatingElementHandler.invoke(LocatingElementHandler.java:34)
	at com.sun.proxy.$Proxy8.click(Unknown Source)
	at selenium.pages.SearchPage.readNowBookPlusMenuInSearchPage(SearchPage.java:181)
	at applogic1.SearchHelper1.readAnyBookInSearch(SearchHelper1.java:95)
	at selenium.SearchTest.readAnyBookInSearch(SearchTest.java:115)
	at sun.reflect.NativeMethodAccessorImpl.invoke0(Native Method)
	at sun.reflect.NativeMethodAccessorImpl.invoke(NativeMethodAccessorImpl.java:62)
	at sun.reflect.DelegatingMethodAccessorImpl.invoke(DelegatingMethodAccessorImpl.java:43)
	at java.lang.reflect.Method.invoke(Method.java:483)
	at org.testng.internal.MethodInvocationHelper.invokeMethod(MethodInvocationHelper.java:84)
	at org.testng.internal.Invoker.invokeMethod(Invoker.java:714)
	at org.testng.internal.Invoker.invokeTestMethod(Invoker.java:901)
	at org.testng.internal.Invoker.invokeTestMethods(Invoker.java:1231)
	at org.testng.internal.TestMethodWorker.invokeTestMethods(TestMethodWorker.java:127)
	at org.testng.internal.TestMethodWorker.run(TestMethodWorker.java:111)
	at org.testng.TestRunner.privateRun(TestRunner.java:767)
	at org.testng.TestRunner.run(TestRunner.java:617)
	at org.testng.SuiteRunner.runTest(SuiteRunner.java:334)
	at org.testng.SuiteRunner.runSequentially(SuiteRunner.java:329)
	at org.testng.SuiteRunner.privateRun(SuiteRunner.java:291)
	at org.testng.SuiteRunner.run(SuiteRunner.java:240)
	at org.testng.SuiteRunnerWorker.runSuite(SuiteRunnerWorker.java:52)
	at org.testng.SuiteRunnerWorker.run(SuiteRunnerWorker.java:86)
	at org.testng.TestNG.runSuitesSequentially(TestNG.java:1224)
	at org.testng.TestNG.runSuitesLocally(TestNG.java:1149)
	at org.testng.TestNG.run(TestNG.java:1057)
	at org.testng.remote.RemoteTestNG.run(RemoteTestNG.java:111)
	at org.testng.remote.RemoteTestNG.initAndRun(RemoteTestNG.java:204)
	at org.testng.remote.RemoteTestNG.main(RemoteTestNG.java:175)
Caused by: org.openqa.selenium.NoSuchElementException: no such element
  (Session info: chrome=40.0.2214.93)
  (Driver info: chromedriver=2.10.267517,platform=Mac OS X 10.10.1 x86_64) (WARNING: The server did not provide any stacktrace information)
Command duration or timeout: 5 milliseconds
For documentation on this error, please visit: http://seleniumhq.org/exceptions/no_such_element.html
Build info: version: &apos;2.40.0&apos;, revision: &apos;4c5c0568b004f67810ee41c459549aa4b09c651e&apos;, time: &apos;2014-02-19 11:13:01&apos;
System info: host: &apos;JoMedias-Mac-mini.local&apos;, ip: &apos;10.0.10.123&apos;, os.name: &apos;Mac OS X&apos;, os.arch: &apos;x86_64&apos;, os.version: &apos;10.10.1&apos;, java.version: &apos;1.8.0&apos;
Driver info: org.openqa.selenium.chrome.ChromeDriver
Capabilities [{applicationCacheEnabled=false, rotatable=false, chrome={userDataDir=/var/folders/zc/crfvq94x0gqcjqx74sf0vrvh0000gn/T/.org.chromium.Chromium.3P7pn6}, takesHeapSnapshot=true, databaseEnabled=false, handlesAlerts=true, version=40.0.2214.93, platform=MAC, browserConnectionEnabled=false, nativeEvents=true, acceptSslCerts=true, locationContextEnabled=true, webStorageEnabled=true, browserName=chrome, takesScreenshot=true, javascriptEnabled=true, cssSelectorsEnabled=true}]
Session ID: e6b22ce663339edfd37bc280359fa29a
	at sun.reflect.GeneratedConstructorAccessor14.newInstance(Unknown Source)
	at sun.reflect.DelegatingConstructorAccessorImpl.newInstance(DelegatingConstructorAccessorImpl.java:45)
	at java.lang.reflect.Constructor.newInstance(Constructor.java:408)
	at org.openqa.selenium.remote.ErrorHandler.createThrowable(ErrorHandler.java:193)
	at org.openqa.selenium.remote.ErrorHandler.throwIfResponseFailed(ErrorHandler.java:145)
	at org.openqa.selenium.remote.RemoteWebDriver.execute(RemoteWebDriver.java:573)
	at org.openqa.selenium.remote.RemoteWebDriver.findElement(RemoteWebDriver.java:326)
	at org.openqa.selenium.remote.RemoteWebDriver.findElementByXPath(RemoteWebDriver.java:423)
	at org.openqa.selenium.By$ByXPath.findElement(By.java:357)
	at org.openqa.selenium.remote.RemoteWebDriver.findElement(RemoteWebDriver.java:318)
	at org.openqa.selenium.support.pagefactory.DefaultElementLocator.findElement(DefaultElementLocator.java:59)
	at org.openqa.selenium.support.pagefactory.AjaxElementLocator.access$001(AjaxElementLocator.java:40)
	at org.openqa.selenium.support.pagefactory.AjaxElementLocator$SlowLoadingElement.isLoaded(AjaxElementLocator.java:140)
	at org.openqa.selenium.support.ui.SlowLoadableComponent.get(SlowLoadableComponent.java:69)
	at org.openqa.selenium.support.pagefactory.AjaxElementLocator.findElement(AjaxElementLocator.java:70)
	... 29 more
</div></td></tr></table><p class="totop"><a href="#summary">back to summary</a></p><h3 id="m2">selenium.SearchTest#AddToQueueMusicInSearchPage</h3><table class="result"></table><p class="totop"><a href="#summary">back to summary</a></p><h3 id="m3">selenium.SearchTest#MoreInfoBookInSearchPage</h3><table class="result"></table><p class="totop"><a href="#summary">back to summary</a></p><h3 id="m4">selenium.SearchTest#MoreInfoMovieInSearchPage</h3><table class="result"></table><p class="totop"><a href="#summary">back to summary</a></p><h3 id="m5">selenium.SearchTest#ToColectionBookInSearchPage</h3><table class="result"></table><p class="totop"><a href="#summary">back to summary</a></p><h3 id="m6">selenium.SearchTest#ToColectionMovieInSearchPage</h3><table class="result"></table><p class="totop"><a href="#summary">back to summary</a></p><h3 id="m7">selenium.SearchTest#ToColectionMusicInSearchPage</h3><table class="result"></table><p class="totop"><a href="#summary">back to summary</a></p><h3 id="m8">selenium.SearchTest#clickOverImageBook</h3><table class="result"></table><p class="totop"><a href="#summary">back to summary</a></p><h3 id="m9">selenium.SearchTest#clickOverImageMovie</h3><table class="result"></table><p class="totop"><a href="#summary">back to summary</a></p><h3 id="m10">selenium.SearchTest#clickOverImageMusic</h3><table class="result"></table><p class="totop"><a href="#summary">back to summary</a></p><h3 id="m11">selenium.SearchTest#playAnyMoviesInSearch</h3><table class="result"></table><p class="totop"><a href="#summary">back to summary</a></p><h3 id="m12">selenium.SearchTest#playAnyMusicInSearch</h3><table class="result"></table><p class="totop"><a href="#summary">back to summary</a></p></body></html>