<?xml version="1.0" encoding="UTF-8"?>
<testng-results skipped="0" failed="2" total="13" passed="11">
  <reporter-output>
  </reporter-output>
  <suite name="Tests" duration-ms="811158" started-at="2015-01-29T17:06:45Z" finished-at="2015-01-29T17:20:16Z">
    <groups>
    </groups>
    <test name="Test1" duration-ms="811158" started-at="2015-01-29T17:06:45Z" finished-at="2015-01-29T17:20:16Z">
      <class name="selenium.SearchTest">
        <test-method status="PASS" signature="init()[pri:0, instance:selenium.SearchTest@6debcae2]" name="init" is-config="true" duration-ms="14873" started-at="2015-01-29T19:06:45Z" finished-at="2015-01-29T19:07:00Z">
          <reporter-output>
          </reporter-output>
        </test-method> <!-- init -->
        <test-method status="PASS" signature="login()[pri:0, instance:selenium.SearchTest@6debcae2]" name="login" is-config="true" duration-ms="4098" started-at="2015-01-29T19:07:00Z" finished-at="2015-01-29T19:07:04Z">
          <reporter-output>
          </reporter-output>
        </test-method> <!-- login -->
        <test-method status="PASS" signature="mayBeCollectionPageOpen()[pri:0, instance:selenium.SearchTest@6debcae2]" name="mayBeCollectionPageOpen" is-config="true" duration-ms="11282" started-at="2015-01-29T19:07:04Z" finished-at="2015-01-29T19:07:15Z">
          <reporter-output>
          </reporter-output>
        </test-method> <!-- mayBeCollectionPageOpen -->
        <test-method status="PASS" signature="AddToQueueMusicInSearchPage()[pri:0, instance:selenium.SearchTest@6debcae2]" name="AddToQueueMusicInSearchPage" duration-ms="10539" started-at="2015-01-29T19:07:15Z" finished-at="2015-01-29T19:07:26Z">
          <reporter-output>
          </reporter-output>
        </test-method> <!-- AddToQueueMusicInSearchPage -->
        <test-method status="PASS" signature="mayBeCollectionPageOpen()[pri:0, instance:selenium.SearchTest@6debcae2]" name="mayBeCollectionPageOpen" is-config="true" duration-ms="46629" started-at="2015-01-29T19:07:26Z" finished-at="2015-01-29T19:08:13Z">
          <reporter-output>
          </reporter-output>
        </test-method> <!-- mayBeCollectionPageOpen -->
        <test-method status="PASS" signature="MoreInfoBookInSearchPage()[pri:0, instance:selenium.SearchTest@6debcae2]" name="MoreInfoBookInSearchPage" duration-ms="86727" started-at="2015-01-29T19:08:13Z" finished-at="2015-01-29T19:09:39Z">
          <reporter-output>
          </reporter-output>
        </test-method> <!-- MoreInfoBookInSearchPage -->
        <test-method status="PASS" signature="mayBeCollectionPageOpen()[pri:0, instance:selenium.SearchTest@6debcae2]" name="mayBeCollectionPageOpen" is-config="true" duration-ms="12181" started-at="2015-01-29T19:09:39Z" finished-at="2015-01-29T19:09:52Z">
          <reporter-output>
          </reporter-output>
        </test-method> <!-- mayBeCollectionPageOpen -->
        <test-method status="PASS" signature="MoreInfoMovieInSearchPage()[pri:0, instance:selenium.SearchTest@6debcae2]" name="MoreInfoMovieInSearchPage" duration-ms="10476" started-at="2015-01-29T19:09:52Z" finished-at="2015-01-29T19:10:02Z">
          <reporter-output>
          </reporter-output>
        </test-method> <!-- MoreInfoMovieInSearchPage -->
        <test-method status="PASS" signature="mayBeCollectionPageOpen()[pri:0, instance:selenium.SearchTest@6debcae2]" name="mayBeCollectionPageOpen" is-config="true" duration-ms="44871" started-at="2015-01-29T19:10:02Z" finished-at="2015-01-29T19:10:47Z">
          <reporter-output>
          </reporter-output>
        </test-method> <!-- mayBeCollectionPageOpen -->
        <test-method status="FAIL" signature="MoreInfoMusicInSearchPage()[pri:0, instance:selenium.SearchTest@6debcae2]" name="MoreInfoMusicInSearchPage" duration-ms="10459" started-at="2015-01-29T19:10:47Z" finished-at="2015-01-29T19:10:57Z">
          <exception class="org.openqa.selenium.NoSuchElementException">
            <message>
              <![CDATA[Timed out after 10 seconds. Unable to locate the element
For documentation on this error, please visit: http://seleniumhq.org/exceptions/no_such_element.html
Build info: version: '2.40.0', revision: '4c5c0568b004f67810ee41c459549aa4b09c651e', time: '2014-02-19 11:13:01'
System info: host: 'JoMedias-Mac-mini.local', ip: '10.0.10.123', os.name: 'Mac OS X', os.arch: 'x86_64', os.version: '10.10.1', java.version: '1.8.0'
Driver info: driver.version: unknown]]>
            </message>
            <full-stacktrace>
              <![CDATA[org.openqa.selenium.NoSuchElementException: Timed out after 10 seconds. Unable to locate the element
For documentation on this error, please visit: http://seleniumhq.org/exceptions/no_such_element.html
Build info: version: '2.40.0', revision: '4c5c0568b004f67810ee41c459549aa4b09c651e', time: '2014-02-19 11:13:01'
System info: host: 'JoMedias-Mac-mini.local', ip: '10.0.10.123', os.name: 'Mac OS X', os.arch: 'x86_64', os.version: '10.10.1', java.version: '1.8.0'
Driver info: driver.version: unknown
	at org.openqa.selenium.support.pagefactory.AjaxElementLocator.findElement(AjaxElementLocator.java:72)
	at org.openqa.selenium.support.pagefactory.internal.LocatingElementHandler.invoke(LocatingElementHandler.java:34)
	at com.sun.proxy.$Proxy8.click(Unknown Source)
	at selenium.pages.SearchPage.MoreInfoMusicPlusMenuInSearchPage(SearchPage.java:153)
	at applogic1.SearchHelper1.MoreInfoMusicInSearchPage(SearchHelper1.java:77)
	at selenium.SearchTest.MoreInfoMusicInSearchPage(SearchTest.java:91)
	at sun.reflect.NativeMethodAccessorImpl.invoke0(Native Method)
	at sun.reflect.NativeMethodAccessorImpl.invoke(NativeMethodAccessorImpl.java:62)
	at sun.reflect.DelegatingMethodAccessorImpl.invoke(DelegatingMethodAccessorImpl.java:43)
	at java.lang.reflect.Method.invoke(Method.java:483)
	at org.testng.internal.MethodInvocationHelper.invokeMethod(MethodInvocationHelper.java:84)
	at org.testng.internal.Invoker.invokeMethod(Invoker.java:714)
	at org.testng.internal.Invoker.invokeTestMethod(Invoker.java:901)
	at org.testng.internal.Invoker.invokeTestMethods(Invoker.java:1231)
	at org.testng.internal.TestMethodWorker.invokeTestMethods(TestMethodWorker.java:127)
	at org.testng.internal.TestMethodWorker.run(TestMethodWorker.java:111)
	at org.testng.TestRunner.privateRun(TestRunner.java:767)
	at org.testng.TestRunner.run(TestRunner.java:617)
	at org.testng.SuiteRunner.runTest(SuiteRunner.java:334)
	at org.testng.SuiteRunner.runSequentially(SuiteRunner.java:329)
	at org.testng.SuiteRunner.privateRun(SuiteRunner.java:291)
	at org.testng.SuiteRunner.run(SuiteRunner.java:240)
	at org.testng.SuiteRunnerWorker.runSuite(SuiteRunnerWorker.java:52)
	at org.testng.SuiteRunnerWorker.run(SuiteRunnerWorker.java:86)
	at org.testng.TestNG.runSuitesSequentially(TestNG.java:1224)
	at org.testng.TestNG.runSuitesLocally(TestNG.java:1149)
	at org.testng.TestNG.run(TestNG.java:1057)
	at org.testng.remote.RemoteTestNG.run(RemoteTestNG.java:111)
	at org.testng.remote.RemoteTestNG.initAndRun(RemoteTestNG.java:204)
	at org.testng.remote.RemoteTestNG.main(RemoteTestNG.java:175)
Caused by: org.openqa.selenium.NoSuchElementException: no such element
  (Session info: chrome=40.0.2214.93)
  (Driver info: chromedriver=2.10.267517,platform=Mac OS X 10.10.1 x86_64) (WARNING: The server did not provide any stacktrace information)
Command duration or timeout: 6 milliseconds
For documentation on this error, please visit: http://seleniumhq.org/exceptions/no_such_element.html
Build info: version: '2.40.0', revision: '4c5c0568b004f67810ee41c459549aa4b09c651e', time: '2014-02-19 11:13:01'
System info: host: 'JoMedias-Mac-mini.local', ip: '10.0.10.123', os.name: 'Mac OS X', os.arch: 'x86_64', os.version: '10.10.1', java.version: '1.8.0'
Driver info: org.openqa.selenium.chrome.ChromeDriver
Capabilities [{applicationCacheEnabled=false, rotatable=false, chrome={userDataDir=/var/folders/zc/crfvq94x0gqcjqx74sf0vrvh0000gn/T/.org.chromium.Chromium.3P7pn6}, takesHeapSnapshot=true, databaseEnabled=false, handlesAlerts=true, version=40.0.2214.93, platform=MAC, browserConnectionEnabled=false, nativeEvents=true, acceptSslCerts=true, locationContextEnabled=true, webStorageEnabled=true, browserName=chrome, takesScreenshot=true, javascriptEnabled=true, cssSelectorsEnabled=true}]
Session ID: e6b22ce663339edfd37bc280359fa29a
	at sun.reflect.GeneratedConstructorAccessor14.newInstance(Unknown Source)
	at sun.reflect.DelegatingConstructorAccessorImpl.newInstance(DelegatingConstructorAccessorImpl.java:45)
	at java.lang.reflect.Constructor.newInstance(Constructor.java:408)
	at org.openqa.selenium.remote.ErrorHandler.createThrowable(ErrorHandler.java:193)
	at org.openqa.selenium.remote.ErrorHandler.throwIfResponseFailed(ErrorHandler.java:145)
	at org.openqa.selenium.remote.RemoteWebDriver.execute(RemoteWebDriver.java:573)
	at org.openqa.selenium.remote.RemoteWebDriver.findElement(RemoteWebDriver.java:326)
	at org.openqa.selenium.remote.RemoteWebDriver.findElementByXPath(RemoteWebDriver.java:423)
	at org.openqa.selenium.By$ByXPath.findElement(By.java:357)
	at org.openqa.selenium.remote.RemoteWebDriver.findElement(RemoteWebDriver.java:318)
	at org.openqa.selenium.support.pagefactory.DefaultElementLocator.findElement(DefaultElementLocator.java:59)
	at org.openqa.selenium.support.pagefactory.AjaxElementLocator.access$001(AjaxElementLocator.java:40)
	at org.openqa.selenium.support.pagefactory.AjaxElementLocator$SlowLoadingElement.isLoaded(AjaxElementLocator.java:140)
	at org.openqa.selenium.support.ui.SlowLoadableComponent.get(SlowLoadableComponent.java:69)
	at org.openqa.selenium.support.pagefactory.AjaxElementLocator.findElement(AjaxElementLocator.java:70)
	... 29 more
]]>
            </full-stacktrace>
          </exception> <!-- org.openqa.selenium.NoSuchElementException -->
          <reporter-output>
          </reporter-output>
        </test-method> <!-- MoreInfoMusicInSearchPage -->
        <test-method status="PASS" signature="mayBeCollectionPageOpen()[pri:0, instance:selenium.SearchTest@6debcae2]" name="mayBeCollectionPageOpen" is-config="true" duration-ms="45093" started-at="2015-01-29T19:10:57Z" finished-at="2015-01-29T19:11:42Z">
          <reporter-output>
          </reporter-output>
        </test-method> <!-- mayBeCollectionPageOpen -->
        <test-method status="PASS" signature="ToColectionBookInSearchPage()[pri:0, instance:selenium.SearchTest@6debcae2]" name="ToColectionBookInSearchPage" duration-ms="62466" started-at="2015-01-29T19:11:42Z" finished-at="2015-01-29T19:12:45Z">
          <reporter-output>
          </reporter-output>
        </test-method> <!-- ToColectionBookInSearchPage -->
        <test-method status="PASS" signature="mayBeCollectionPageOpen()[pri:0, instance:selenium.SearchTest@6debcae2]" name="mayBeCollectionPageOpen" is-config="true" duration-ms="12381" started-at="2015-01-29T19:12:45Z" finished-at="2015-01-29T19:12:57Z">
          <reporter-output>
          </reporter-output>
        </test-method> <!-- mayBeCollectionPageOpen -->
        <test-method status="PASS" signature="ToColectionMovieInSearchPage()[pri:0, instance:selenium.SearchTest@6debcae2]" name="ToColectionMovieInSearchPage" duration-ms="10297" started-at="2015-01-29T19:12:57Z" finished-at="2015-01-29T19:13:08Z">
          <reporter-output>
          </reporter-output>
        </test-method> <!-- ToColectionMovieInSearchPage -->
        <test-method status="PASS" signature="mayBeCollectionPageOpen()[pri:0, instance:selenium.SearchTest@6debcae2]" name="mayBeCollectionPageOpen" is-config="true" duration-ms="45900" started-at="2015-01-29T19:13:08Z" finished-at="2015-01-29T19:13:54Z">
          <reporter-output>
          </reporter-output>
        </test-method> <!-- mayBeCollectionPageOpen -->
        <test-method status="PASS" signature="ToColectionMusicInSearchPage()[pri:0, instance:selenium.SearchTest@6debcae2]" name="ToColectionMusicInSearchPage" duration-ms="61751" started-at="2015-01-29T19:13:54Z" finished-at="2015-01-29T19:14:55Z">
          <reporter-output>
          </reporter-output>
        </test-method> <!-- ToColectionMusicInSearchPage -->
        <test-method status="PASS" signature="mayBeCollectionPageOpen()[pri:0, instance:selenium.SearchTest@6debcae2]" name="mayBeCollectionPageOpen" is-config="true" duration-ms="12231" started-at="2015-01-29T19:14:55Z" finished-at="2015-01-29T19:15:08Z">
          <reporter-output>
          </reporter-output>
        </test-method> <!-- mayBeCollectionPageOpen -->
        <test-method status="PASS" signature="clickOverImageBook()[pri:0, instance:selenium.SearchTest@6debcae2]" name="clickOverImageBook" duration-ms="10176" started-at="2015-01-29T19:15:08Z" finished-at="2015-01-29T19:15:18Z">
          <reporter-output>
          </reporter-output>
        </test-method> <!-- clickOverImageBook -->
        <test-method status="PASS" signature="mayBeCollectionPageOpen()[pri:0, instance:selenium.SearchTest@6debcae2]" name="mayBeCollectionPageOpen" is-config="true" duration-ms="46106" started-at="2015-01-29T19:15:18Z" finished-at="2015-01-29T19:16:04Z">
          <reporter-output>
          </reporter-output>
        </test-method> <!-- mayBeCollectionPageOpen -->
        <test-method status="PASS" signature="clickOverImageMovie()[pri:0, instance:selenium.SearchTest@6debcae2]" name="clickOverImageMovie" duration-ms="10158" started-at="2015-01-29T19:16:04Z" finished-at="2015-01-29T19:16:14Z">
          <reporter-output>
          </reporter-output>
        </test-method> <!-- clickOverImageMovie -->
        <test-method status="PASS" signature="mayBeCollectionPageOpen()[pri:0, instance:selenium.SearchTest@6debcae2]" name="mayBeCollectionPageOpen" is-config="true" duration-ms="45723" started-at="2015-01-29T19:16:14Z" finished-at="2015-01-29T19:17:00Z">
          <reporter-output>
          </reporter-output>
        </test-method> <!-- mayBeCollectionPageOpen -->
        <test-method status="PASS" signature="clickOverImageMusic()[pri:0, instance:selenium.SearchTest@6debcae2]" name="clickOverImageMusic" duration-ms="10176" started-at="2015-01-29T19:17:00Z" finished-at="2015-01-29T19:17:10Z">
          <reporter-output>
          </reporter-output>
        </test-method> <!-- clickOverImageMusic -->
        <test-method status="PASS" signature="mayBeCollectionPageOpen()[pri:0, instance:selenium.SearchTest@6debcae2]" name="mayBeCollectionPageOpen" is-config="true" duration-ms="45799" started-at="2015-01-29T19:17:10Z" finished-at="2015-01-29T19:17:56Z">
          <reporter-output>
          </reporter-output>
        </test-method> <!-- mayBeCollectionPageOpen -->
        <test-method status="PASS" signature="playAnyMoviesInSearch()[pri:0, instance:selenium.SearchTest@6debcae2]" name="playAnyMoviesInSearch" duration-ms="61155" started-at="2015-01-29T19:17:56Z" finished-at="2015-01-29T19:18:57Z">
          <reporter-output>
          </reporter-output>
        </test-method> <!-- playAnyMoviesInSearch -->
        <test-method status="PASS" signature="mayBeCollectionPageOpen()[pri:0, instance:selenium.SearchTest@6debcae2]" name="mayBeCollectionPageOpen" is-config="true" duration-ms="11892" started-at="2015-01-29T19:18:57Z" finished-at="2015-01-29T19:19:09Z">
          <reporter-output>
          </reporter-output>
        </test-method> <!-- mayBeCollectionPageOpen -->
        <test-method status="PASS" signature="playAnyMusicInSearch()[pri:0, instance:selenium.SearchTest@6debcae2]" name="playAnyMusicInSearch" duration-ms="10497" started-at="2015-01-29T19:19:09Z" finished-at="2015-01-29T19:19:19Z">
          <reporter-output>
          </reporter-output>
        </test-method> <!-- playAnyMusicInSearch -->
        <test-method status="PASS" signature="mayBeCollectionPageOpen()[pri:0, instance:selenium.SearchTest@6debcae2]" name="mayBeCollectionPageOpen" is-config="true" duration-ms="46659" started-at="2015-01-29T19:19:19Z" finished-at="2015-01-29T19:20:06Z">
          <reporter-output>
          </reporter-output>
        </test-method> <!-- mayBeCollectionPageOpen -->
        <test-method status="FAIL" signature="readAnyBookInSearch()[pri:0, instance:selenium.SearchTest@6debcae2]" name="readAnyBookInSearch" duration-ms="10381" started-at="2015-01-29T19:20:06Z" finished-at="2015-01-29T19:20:16Z">
          <exception class="org.openqa.selenium.NoSuchElementException">
            <message>
              <![CDATA[Timed out after 10 seconds. Unable to locate the element
For documentation on this error, please visit: http://seleniumhq.org/exceptions/no_such_element.html
Build info: version: '2.40.0', revision: '4c5c0568b004f67810ee41c459549aa4b09c651e', time: '2014-02-19 11:13:01'
System info: host: 'JoMedias-Mac-mini.local', ip: '10.0.10.123', os.name: 'Mac OS X', os.arch: 'x86_64', os.version: '10.10.1', java.version: '1.8.0'
Driver info: driver.version: unknown]]>
            </message>
            <full-stacktrace>
              <![CDATA[org.openqa.selenium.NoSuchElementException: Timed out after 10 seconds. Unable to locate the element
For documentation on this error, please visit: http://seleniumhq.org/exceptions/no_such_element.html
Build info: version: '2.40.0', revision: '4c5c0568b004f67810ee41c459549aa4b09c651e', time: '2014-02-19 11:13:01'
System info: host: 'JoMedias-Mac-mini.local', ip: '10.0.10.123', os.name: 'Mac OS X', os.arch: 'x86_64', os.version: '10.10.1', java.version: '1.8.0'
Driver info: driver.version: unknown
	at org.openqa.selenium.support.pagefactory.AjaxElementLocator.findElement(AjaxElementLocator.java:72)
	at org.openqa.selenium.support.pagefactory.internal.LocatingElementHandler.invoke(LocatingElementHandler.java:34)
	at com.sun.proxy.$Proxy8.click(Unknown Source)
	at selenium.pages.SearchPage.readNowBookPlusMenuInSearchPage(SearchPage.java:181)
	at applogic1.SearchHelper1.readAnyBookInSearch(SearchHelper1.java:95)
	at selenium.SearchTest.readAnyBookInSearch(SearchTest.java:115)
	at sun.reflect.NativeMethodAccessorImpl.invoke0(Native Method)
	at sun.reflect.NativeMethodAccessorImpl.invoke(NativeMethodAccessorImpl.java:62)
	at sun.reflect.DelegatingMethodAccessorImpl.invoke(DelegatingMethodAccessorImpl.java:43)
	at java.lang.reflect.Method.invoke(Method.java:483)
	at org.testng.internal.MethodInvocationHelper.invokeMethod(MethodInvocationHelper.java:84)
	at org.testng.internal.Invoker.invokeMethod(Invoker.java:714)
	at org.testng.internal.Invoker.invokeTestMethod(Invoker.java:901)
	at org.testng.internal.Invoker.invokeTestMethods(Invoker.java:1231)
	at org.testng.internal.TestMethodWorker.invokeTestMethods(TestMethodWorker.java:127)
	at org.testng.internal.TestMethodWorker.run(TestMethodWorker.java:111)
	at org.testng.TestRunner.privateRun(TestRunner.java:767)
	at org.testng.TestRunner.run(TestRunner.java:617)
	at org.testng.SuiteRunner.runTest(SuiteRunner.java:334)
	at org.testng.SuiteRunner.runSequentially(SuiteRunner.java:329)
	at org.testng.SuiteRunner.privateRun(SuiteRunner.java:291)
	at org.testng.SuiteRunner.run(SuiteRunner.java:240)
	at org.testng.SuiteRunnerWorker.runSuite(SuiteRunnerWorker.java:52)
	at org.testng.SuiteRunnerWorker.run(SuiteRunnerWorker.java:86)
	at org.testng.TestNG.runSuitesSequentially(TestNG.java:1224)
	at org.testng.TestNG.runSuitesLocally(TestNG.java:1149)
	at org.testng.TestNG.run(TestNG.java:1057)
	at org.testng.remote.RemoteTestNG.run(RemoteTestNG.java:111)
	at org.testng.remote.RemoteTestNG.initAndRun(RemoteTestNG.java:204)
	at org.testng.remote.RemoteTestNG.main(RemoteTestNG.java:175)
Caused by: org.openqa.selenium.NoSuchElementException: no such element
  (Session info: chrome=40.0.2214.93)
  (Driver info: chromedriver=2.10.267517,platform=Mac OS X 10.10.1 x86_64) (WARNING: The server did not provide any stacktrace information)
Command duration or timeout: 5 milliseconds
For documentation on this error, please visit: http://seleniumhq.org/exceptions/no_such_element.html
Build info: version: '2.40.0', revision: '4c5c0568b004f67810ee41c459549aa4b09c651e', time: '2014-02-19 11:13:01'
System info: host: 'JoMedias-Mac-mini.local', ip: '10.0.10.123', os.name: 'Mac OS X', os.arch: 'x86_64', os.version: '10.10.1', java.version: '1.8.0'
Driver info: org.openqa.selenium.chrome.ChromeDriver
Capabilities [{applicationCacheEnabled=false, rotatable=false, chrome={userDataDir=/var/folders/zc/crfvq94x0gqcjqx74sf0vrvh0000gn/T/.org.chromium.Chromium.3P7pn6}, takesHeapSnapshot=true, databaseEnabled=false, handlesAlerts=true, version=40.0.2214.93, platform=MAC, browserConnectionEnabled=false, nativeEvents=true, acceptSslCerts=true, locationContextEnabled=true, webStorageEnabled=true, browserName=chrome, takesScreenshot=true, javascriptEnabled=true, cssSelectorsEnabled=true}]
Session ID: e6b22ce663339edfd37bc280359fa29a
	at sun.reflect.GeneratedConstructorAccessor14.newInstance(Unknown Source)
	at sun.reflect.DelegatingConstructorAccessorImpl.newInstance(DelegatingConstructorAccessorImpl.java:45)
	at java.lang.reflect.Constructor.newInstance(Constructor.java:408)
	at org.openqa.selenium.remote.ErrorHandler.createThrowable(ErrorHandler.java:193)
	at org.openqa.selenium.remote.ErrorHandler.throwIfResponseFailed(ErrorHandler.java:145)
	at org.openqa.selenium.remote.RemoteWebDriver.execute(RemoteWebDriver.java:573)
	at org.openqa.selenium.remote.RemoteWebDriver.findElement(RemoteWebDriver.java:326)
	at org.openqa.selenium.remote.RemoteWebDriver.findElementByXPath(RemoteWebDriver.java:423)
	at org.openqa.selenium.By$ByXPath.findElement(By.java:357)
	at org.openqa.selenium.remote.RemoteWebDriver.findElement(RemoteWebDriver.java:318)
	at org.openqa.selenium.support.pagefactory.DefaultElementLocator.findElement(DefaultElementLocator.java:59)
	at org.openqa.selenium.support.pagefactory.AjaxElementLocator.access$001(AjaxElementLocator.java:40)
	at org.openqa.selenium.support.pagefactory.AjaxElementLocator$SlowLoadingElement.isLoaded(AjaxElementLocator.java:140)
	at org.openqa.selenium.support.ui.SlowLoadableComponent.get(SlowLoadableComponent.java:69)
	at org.openqa.selenium.support.pagefactory.AjaxElementLocator.findElement(AjaxElementLocator.java:70)
	... 29 more
]]>
            </full-stacktrace>
          </exception> <!-- org.openqa.selenium.NoSuchElementException -->
          <reporter-output>
          </reporter-output>
        </test-method> <!-- readAnyBookInSearch -->
        <test-method status="PASS" signature="stop()[pri:0, instance:selenium.SearchTest@6debcae2]" name="stop" is-config="true" duration-ms="1206" started-at="2015-01-29T19:20:17Z" finished-at="2015-01-29T19:20:18Z">
          <reporter-output>
          </reporter-output>
        </test-method> <!-- stop -->
      </class> <!-- selenium.SearchTest -->
    </test> <!-- Test1 -->
  </suite> <!-- Tests -->
</testng-results>
